<?xml version="1.0" encoding="UTF-8"?>
<testsuite xmlns:xsi="http://www.w3.org/2001/XMLSchema-instance" xsi:noNamespaceSchemaLocation="https://maven.apache.org/surefire/maven-surefire-plugin/xsd/surefire-test-report.xsd" name="com.moises.AppTest" time="0.044" tests="1" errors="0" skipped="0" failures="0">
  <properties>
    <property name="java.specification.version" value="17"/>
    <property name="sun.cpu.isalist" value="amd64"/>
    <property name="sun.jnu.encoding" value="Cp1252"/>
    <property name="java.class.path" value="C:\Users\moise\Desktop\Work Space\VsCode\bot_discord\target\test-classes;C:\Users\moise\Desktop\Work Space\VsCode\bot_discord\target\classes;C:\Users\moise\.m2\repository\junit\junit\4.11\junit-4.11.jar;C:\Users\moise\.m2\repository\org\hamcrest\hamcrest-core\1.3\hamcrest-core-1.3.jar;C:\Users\moise\.m2\repository\net\dv8tion\JDA\6.1.0\JDA-6.1.0.jar;C:\Users\moise\.m2\repository\org\slf4j\slf4j-api\2.0.17\slf4j-api-2.0.17.jar;C:\Users\moise\.m2\repository\com\neovisionaries\nv-websocket-client\2.14\nv-websocket-client-2.14.jar;C:\Users\moise\.m2\repository\com\squareup\okhttp3\okhttp-jvm\5.2.1\okhttp-jvm-5.2.1.jar;C:\Users\moise\.m2\repository\com\squareup\okio\okio-jvm\3.16.1\okio-jvm-3.16.1.jar;C:\Users\moise\.m2\repository\org\jetbrains\kotlin\kotlin-stdlib\2.2.20\kotlin-stdlib-2.2.20.jar;C:\Users\moise\.m2\repository\org\jetbrains\annotations\13.0\annotations-13.0.jar;C:\Users\moise\.m2\repository\club\minnced\opus-java\1.1.1\opus-java-1.1.1.jar;C:\Users\moise\.m2\repository\club\minnced\opus-java-api\1.1.1\opus-java-api-1.1.1.jar;C:\Users\moise\.m2\repository\net\java\dev\jna\jna\4.4.0\jna-4.4.0.jar;C:\Users\moise\.m2\repository\club\minnced\opus-java-natives\1.1.1\opus-java-natives-1.1.1.jar;C:\Users\moise\.m2\repository\org\apache\commons\commons-collections4\4.5.0\commons-collections4-4.5.0.jar;C:\Users\moise\.m2\repository\net\sf\trove4j\core\3.1.0\core-3.1.0.jar;C:\Users\moise\.m2\repository\com\fasterxml\jackson\core\jackson-core\2.20.0\jackson-core-2.20.0.jar;C:\Users\moise\.m2\repository\com\google\crypto\tink\tink\1.18.0\tink-1.18.0.jar;C:\Users\moise\.m2\repository\com\google\code\findbugs\jsr305\3.0.2\jsr305-3.0.2.jar;C:\Users\moise\.m2\repository\com\google\code\gson\gson\2.10.1\gson-2.10.1.jar;C:\Users\moise\.m2\repository\com\google\errorprone\error_prone_annotations\2.22.0\error_prone_annotations-2.22.0.jar;C:\Users\moise\.m2\repository\com\google\protobuf\protobuf-java\4.28.2\protobuf-java-4.28.2.jar;C:\Users\moise\.m2\repository\com\fasterxml\jackson\core\jackson-databind\2.20.0\jackson-databind-2.20.0.jar;C:\Users\moise\.m2\repository\com\fasterxml\jackson\core\jackson-annotations\2.20\jackson-annotations-2.20.jar;C:\Users\moise\.m2\repository\org\slf4j\slf4j-simple\2.0.13\slf4j-simple-2.0.13.jar;"/>
    <property name="java.vm.vendor" value="Oracle Corporation"/>
    <property name="sun.arch.data.model" value="64"/>
    <property name="user.variant" value=""/>
    <property name="java.vendor.url" value="https://java.oracle.com/"/>
    <property name="user.timezone" value="America/Sao_Paulo"/>
    <property name="os.name" value="Windows 10"/>
    <property name="java.vm.specification.version" value="17"/>
    <property name="sun.java.launcher" value="SUN_STANDARD"/>
    <property name="user.country" value="BR"/>
    <property name="sun.boot.library.path" value="C:\Arquivos de Programas\Java\jdk-17\bin"/>
    <property name="sun.java.command" value="C:\Users\moise\AppData\Local\Temp\surefire423336077748134468\surefirebooter5641077602035127212.jar C:\Users\moise\AppData\Local\Temp\surefire423336077748134468 2025-10-29T14-46-42_045-jvmRun1 surefire17078504637697141462tmp surefire_010252148305936375210tmp"/>
    <property name="jdk.debug" value="release"/>
    <property name="surefire.test.class.path" value="C:\Users\moise\Desktop\Work Space\VsCode\bot_discord\target\test-classes;C:\Users\moise\Desktop\Work Space\VsCode\bot_discord\target\classes;C:\Users\moise\.m2\repository\junit\junit\4.11\junit-4.11.jar;C:\Users\moise\.m2\repository\org\hamcrest\hamcrest-core\1.3\hamcrest-core-1.3.jar;C:\Users\moise\.m2\repository\net\dv8tion\JDA\6.1.0\JDA-6.1.0.jar;C:\Users\moise\.m2\repository\org\slf4j\slf4j-api\2.0.17\slf4j-api-2.0.17.jar;C:\Users\moise\.m2\repository\com\neovisionaries\nv-websocket-client\2.14\nv-websocket-client-2.14.jar;C:\Users\moise\.m2\repository\com\squareup\okhttp3\okhttp-jvm\5.2.1\okhttp-jvm-5.2.1.jar;C:\Users\moise\.m2\repository\com\squareup\okio\okio-jvm\3.16.1\okio-jvm-3.16.1.jar;C:\Users\moise\.m2\repository\org\jetbrains\kotlin\kotlin-stdlib\2.2.20\kotlin-stdlib-2.2.20.jar;C:\Users\moise\.m2\repository\org\jetbrains\annotations\13.0\annotations-13.0.jar;C:\Users\moise\.m2\repository\club\minnced\opus-java\1.1.1\opus-java-1.1.1.jar;C:\Users\moise\.m2\repository\club\minnced\opus-java-api\1.1.1\opus-java-api-1.1.1.jar;C:\Users\moise\.m2\repository\net\java\dev\jna\jna\4.4.0\jna-4.4.0.jar;C:\Users\moise\.m2\repository\club\minnced\opus-java-natives\1.1.1\opus-java-natives-1.1.1.jar;C:\Users\moise\.m2\repository\org\apache\commons\commons-collections4\4.5.0\commons-collections4-4.5.0.jar;C:\Users\moise\.m2\repository\net\sf\trove4j\core\3.1.0\core-3.1.0.jar;C:\Users\moise\.m2\repository\com\fasterxml\jackson\core\jackson-core\2.20.0\jackson-core-2.20.0.jar;C:\Users\moise\.m2\repository\com\google\crypto\tink\tink\1.18.0\tink-1.18.0.jar;C:\Users\moise\.m2\repository\com\google\code\findbugs\jsr305\3.0.2\jsr305-3.0.2.jar;C:\Users\moise\.m2\repository\com\google\code\gson\gson\2.10.1\gson-2.10.1.jar;C:\Users\moise\.m2\repository\com\google\errorprone\error_prone_annotations\2.22.0\error_prone_annotations-2.22.0.jar;C:\Users\moise\.m2\repository\com\google\protobuf\protobuf-java\4.28.2\protobuf-java-4.28.2.jar;C:\Users\moise\.m2\repository\com\fasterxml\jackson\core\jackson-databind\2.20.0\jackson-databind-2.20.0.jar;C:\Users\moise\.m2\repository\com\fasterxml\jackson\core\jackson-annotations\2.20\jackson-annotations-2.20.jar;C:\Users\moise\.m2\repository\org\slf4j\slf4j-simple\2.0.13\slf4j-simple-2.0.13.jar;"/>
    <property name="sun.cpu.endian" value="little"/>
    <property name="user.home" value="C:\Users\moise"/>
    <property name="user.language" value="pt"/>
    <property name="java.specification.vendor" value="Oracle Corporation"/>
    <property name="java.version.date" value="2025-04-15"/>
    <property name="java.home" value="C:\Arquivos de Programas\Java\jdk-17"/>
    <property name="file.separator" value="\"/>
    <property name="basedir" value="C:\Users\moise\Desktop\Work Space\VsCode\bot_discord"/>
    <property name="java.vm.compressedOopsMode" value="Zero based"/>
    <property name="line.separator" value="&#10;"/>
    <property name="java.vm.specification.vendor" value="Oracle Corporation"/>
    <property name="java.specification.name" value="Java Platform API Specification"/>
    <property name="surefire.real.class.path" value="C:\Users\moise\AppData\Local\Temp\surefire423336077748134468\surefirebooter5641077602035127212.jar"/>
    <property name="user.script" value=""/>
    <property name="sun.management.compiler" value="HotSpot 64-Bit Tiered Compilers"/>
    <property name="java.runtime.version" value="17.0.15+9-LTS-241"/>
    <property name="user.name" value="moise"/>
    <property name="path.separator" value=";"/>
    <property name="os.version" value="10.0"/>
    <property name="java.runtime.name" value="Java(TM) SE Runtime Environment"/>
    <property name="file.encoding" value="Cp1252"/>
    <property name="java.vm.name" value="Java HotSpot(TM) 64-Bit Server VM"/>
    <property name="localRepository" value="C:\Users\moise\.m2\repository"/>
    <property name="java.vendor.url.bug" value="https://bugreport.java.com/bugreport/"/>
    <property name="java.io.tmpdir" value="C:\Users\moise\AppData\Local\Temp\"/>
    <property name="java.version" value="17.0.15"/>
    <property name="user.dir" value="C:\Users\moise\Desktop\Work Space\VsCode\bot_discord"/>
    <property name="os.arch" value="amd64"/>
    <property name="java.vm.specification.name" value="Java Virtual Machine Specification"/>
    <property name="sun.os.patch.level" value=""/>
    <property name="native.encoding" value="Cp1252"/>
    <property name="java.library.path" value="C:\Arquivos de Programas\Java\jdk-17\bin;C:\WINDOWS\Sun\Java\bin;C:\WINDOWS\system32;C:\WINDOWS;C:\Program Files\Microsoft\jdk-25.0.0.36-hotspot\bin;C:\Program Files\Common Files\Oracle\Java\javapath;C:\Program Files (x86)\NVIDIA Corporation\PhysX\Common;C:\Program Files (x86)\Common Files\Oracle\Java\java8path;C:\Program Files (x86)\Common Files\Oracle\Java\javapath;C:\WINDOWS\system32;C:\WINDOWS;C:\WINDOWS\System32\Wbem;C:\WINDOWS\System32\WindowsPowerShell\v1.0\;C:\WINDOWS\System32\OpenSSH\;C:\Program Files\Cloudflare\Cloudflare WARP\;C:\progrem Files\Java\jdk-17\bin;C:\Program Files\Git\cmd;C:\Program Files\playit_gg\bin\;C:\Program Files\apache-maven-3.9.11\bin;%JAVA_HOME%\bin;C:\Users\moise\AppData\Local\Microsoft\WindowsApps;C:\Users\moise\AppData\Local\Programs\Microsoft VS Code\bin;C:\Program Files\JetBrains\IntelliJ IDEA Community Edition 2025.1.4\bin;;."/>
    <property name="java.vm.info" value="mixed mode, sharing"/>
    <property name="java.vendor" value="Oracle Corporation"/>
    <property name="java.vm.version" value="17.0.15+9-LTS-241"/>
    <property name="java.specification.maintenance.version" value="1"/>
    <property name="sun.io.unicode.encoding" value="UnicodeLittle"/>
    <property name="java.class.version" value="61.0"/>
  </properties>
  <testcase name="shouldAnswerWithTrue" classname="com.moises.AppTest" time="0.002"/>
</testsuite>